<?xml version="1.0" encoding="UTF-8"?>
<!-- Generated by org.testng.reporters.JUnitXMLReporter -->
<testsuite hostname="LAPTOP-FET714UI" ignored="3" name="Test" tests="3" failures="2" timestamp="2021-04-20T17:19:52 IST" time="38.417" errors="0">
  <testcase name="@AfterTest after" time="0.001" classname="testCases.changePassword_TestCases">
    <failure type="java.lang.NullPointerException">
      <![CDATA[java.lang.NullPointerException
at testCases.changePassword_TestCases.after(changePassword_TestCases.java:50)
... Removed 24 stack frames]]>
    </failure>
  </testcase> <!-- @AfterTest after -->
  <testcase name="@AfterTest after" time="-1.618919392397E9" classname="testCases.deposite_TestCases">
    <skipped/>
  </testcase> <!-- @AfterTest after -->
  <testcase name="@AfterTest after" time="-1.618919392399E9" classname="testCases.login_TestCases">
    <skipped/>
  </testcase> <!-- @AfterTest after -->
  <testcase name="@AfterTest after" time="-1.618919392401E9" classname="testCases.profile_TestCases">
    <skipped/>
  </testcase> <!-- @AfterTest after -->
  <testcase name="@AfterTest after" time="-1.618919392403E9" classname="testCases.withdrawal_TestCases">
    <skipped/>
  </testcase> <!-- @AfterTest after -->
  <testcase name="Login" time="17.379" classname="testCases.login_TestCases"/>
  <testcase name="Profile" time="8.727" classname="testCases.profile_TestCases">
    <failure type="org.openqa.selenium.NoSuchElementException" message="no such element: Unable to locate element: {&amp;quot;method&amp;quot;:&amp;quot;css selector&amp;quot;,&amp;quot;selector&amp;quot;:&amp;quot;#userProfileSubmit&amp;quot;}
  (Session info: chrome=90.0.4430.72)
For documentation on this error, please visit: https://www.seleniumhq.org/exceptions/no_such_element.html
Build info: version: &amp;apos;3.141.59&amp;apos;, revision: &amp;apos;e82be7d358&amp;apos;, time: &amp;apos;2018-11-14T08:17:03&amp;apos;
System info: host: &amp;apos;LAPTOP-FET714UI&amp;apos;, ip: &amp;apos;192.168.0.104&amp;apos;, os.name: &amp;apos;Windows 10&amp;apos;, os.arch: &amp;apos;amd64&amp;apos;, os.version: &amp;apos;10.0&amp;apos;, java.version: &amp;apos;1.8.0_261&amp;apos;
Driver info: org.openqa.selenium.chrome.ChromeDriver
Capabilities {acceptInsecureCerts: false, browserName: chrome, browserVersion: 90.0.4430.72, chrome: {chromedriverVersion: 89.0.4389.23 (61b08ee2c5002..., userDataDir: C:\Users\rshiv\AppData\Loca...}, goog:chromeOptions: {debuggerAddress: localhost:60225}, javascriptEnabled: true, networkConnectionEnabled: false, pageLoadStrategy: normal, platform: WINDOWS, platformName: WINDOWS, proxy: Proxy(), setWindowRect: true, strictFileInteractability: false, timeouts: {implicit: 0, pageLoad: 300000, script: 30000}, unhandledPromptBehavior: dismiss and notify, webauthn:extension:largeBlob: true, webauthn:virtualAuthenticators: true}
Session ID: 745946c4dca2101e2adee1806a28e961
*** Element info: {Using=id, value=userProfileSubmit}">
      <![CDATA[org.openqa.selenium.NoSuchElementException: no such element: Unable to locate element: {"method":"css selector","selector":"#userProfileSubmit"}
  (Session info: chrome=90.0.4430.72)
For documentation on this error, please visit: https://www.seleniumhq.org/exceptions/no_such_element.html
Build info: version: '3.141.59', revision: 'e82be7d358', time: '2018-11-14T08:17:03'
System info: host: 'LAPTOP-FET714UI', ip: '192.168.0.104', os.name: 'Windows 10', os.arch: 'amd64', os.version: '10.0', java.version: '1.8.0_261'
Driver info: org.openqa.selenium.chrome.ChromeDriver
Capabilities {acceptInsecureCerts: false, browserName: chrome, browserVersion: 90.0.4430.72, chrome: {chromedriverVersion: 89.0.4389.23 (61b08ee2c5002..., userDataDir: C:\Users\rshiv\AppData\Loca...}, goog:chromeOptions: {debuggerAddress: localhost:60225}, javascriptEnabled: true, networkConnectionEnabled: false, pageLoadStrategy: normal, platform: WINDOWS, platformName: WINDOWS, proxy: Proxy(), setWindowRect: true, strictFileInteractability: false, timeouts: {implicit: 0, pageLoad: 300000, script: 30000}, unhandledPromptBehavior: dismiss and notify, webauthn:extension:largeBlob: true, webauthn:virtualAuthenticators: true}
Session ID: 745946c4dca2101e2adee1806a28e961
*** Element info: {Using=id, value=userProfileSubmit}
at org.openqa.selenium.remote.http.W3CHttpResponseCodec.createException(W3CHttpResponseCodec.java:187)
at org.openqa.selenium.remote.http.W3CHttpResponseCodec.decode(W3CHttpResponseCodec.java:122)
at org.openqa.selenium.remote.http.W3CHttpResponseCodec.decode(W3CHttpResponseCodec.java:49)
at org.openqa.selenium.remote.HttpCommandExecutor.execute(HttpCommandExecutor.java:158)
at org.openqa.selenium.remote.service.DriverCommandExecutor.execute(DriverCommandExecutor.java:83)
at org.openqa.selenium.remote.RemoteWebDriver.execute(RemoteWebDriver.java:552)
at org.openqa.selenium.remote.RemoteWebDriver.findElement(RemoteWebDriver.java:323)
at org.openqa.selenium.remote.RemoteWebDriver.findElementById(RemoteWebDriver.java:372)
at org.openqa.selenium.By$ById.findElement(By.java:188)
at org.openqa.selenium.remote.RemoteWebDriver.findElement(RemoteWebDriver.java:315)
at org.openqa.selenium.support.pagefactory.DefaultElementLocator.findElement(DefaultElementLocator.java:69)
at org.openqa.selenium.support.pagefactory.internal.LocatingElementHandler.invoke(LocatingElementHandler.java:38)
at com.sun.proxy.$Proxy27.click(Unknown Source)
at pageFactory.profile_POF.emptyFieldAlert(profile_POF.java:91)
at testCases.profile_TestCases.Profile(profile_TestCases.java:18)
at java.util.ArrayList.forEach(ArrayList.java:1259)
... Removed 31 stack frames]]>
    </failure>
  </testcase> <!-- Profile -->
  <testcase name="Profile" time="8.754" classname="testCases.profile_TestCases">
    <failure type="java.lang.NullPointerException">
      <![CDATA[java.lang.NullPointerException
at resources.base.getSceenShotPath(base.java:59)
at listenersBase.listeners.onTestFailure(listeners.java:54)
at java.util.ArrayList.forEach(ArrayList.java:1259)
... Removed 24 stack frames]]>
    </failure>
  </testcase> <!-- Profile -->
  <testcase name="@BeforeTest Login" time="0.0" classname="testCases.baseLogin_TestCases">
    <ignored/>
  </testcase> <!-- @BeforeTest Login -->
  <testcase name="@BeforeTest Login" time="0.0" classname="testCases.baseLogin_TestCases">
    <ignored/>
  </testcase> <!-- @BeforeTest Login -->
  <testcase name="@BeforeTest Login" time="0.0" classname="testCases.baseLogin_TestCases">
    <ignored/>
  </testcase> <!-- @BeforeTest Login -->
</testsuite> <!-- Test -->
